2012/09/14 17:38:34 [error] [php] Undefined variable: models (/Applications/MAMP/htdocs/yiis/blog/protected/models/Lookup.php:42)
Stack trace:
#0 /yii/framework/web/CBaseController.php(127): require()
#1 /yii/framework/web/CBaseController.php(96): PostController->renderInternal()
#2 /yii/framework/web/CController.php(870): PostController->renderFile()
#3 /Applications/MAMP/htdocs/yiis/blog/protected/views/post/create.php(18): PostController->renderPartial()
#4 /yii/framework/web/CBaseController.php(127): require()
#5 /yii/framework/web/CBaseController.php(96): PostController->renderInternal()
#6 /yii/framework/web/CController.php(870): PostController->renderFile()
#7 /yii/framework/web/CController.php(783): PostController->renderPartial()
#8 /Applications/MAMP/htdocs/yiis/blog/protected/controllers/PostController.php(71): PostController->render()
#9 /yii/framework/web/actions/CInlineAction.php(50): PostController->actionCreate()
#10 /yii/framework/web/CController.php(309): CInlineAction->runWithParams()
#11 /yii/framework/web/filters/CFilterChain.php(134): PostController->runAction()
#12 /yii/framework/web/filters/CFilter.php(41): CFilterChain->run()
#13 /yii/framework/web/CController.php(1146): CAccessControlFilter->filter()
#14 /yii/framework/web/filters/CInlineFilter.php(59): PostController->filterAccessControl()
#15 /yii/framework/web/filters/CFilterChain.php(131): CInlineFilter->filter()
#16 /yii/framework/web/CController.php(292): CFilterChain->run()
#17 /yii/framework/web/CController.php(266): PostController->runActionWithFilters()
#18 /yii/framework/web/CWebApplication.php(283): PostController->run()
#19 /yii/framework/web/CWebApplication.php(142): CWebApplication->runController()
#20 /yii/framework/base/CApplication.php(162): CWebApplication->processRequest()
#21 /Applications/MAMP/htdocs/yiis/blog/index.php(13): CWebApplication->run()
REQUEST_URI=/yiis/blog/index.php?r=post/create
in /Applications/MAMP/htdocs/yiis/blog/protected/models/Lookup.php (42)
in /Applications/MAMP/htdocs/yiis/blog/protected/models/Lookup.php (20)
in /Applications/MAMP/htdocs/yiis/blog/protected/views/post/_form.php (38)
